# 
# Steps log generated by SDx
# This log file contains a collection of steps that describe the kernel compilation flow
# Note: Some steps are tagged as internal, these steps are for debugging purposes and 
#       are not expected to be able to run independently.
# 

# The following environment variables are set when running xocc
Environment variables :
------------------------------------------
LIBOVERLAY_SCROLLBAR=0
_RDI_DONT_SET_XILINX_AS_PATH=True
SSH_AGENT_PID=258
VGL_READBACK=sync
GLADE_PIXMAP_PATH=:
TERM=xterm
XDG_MENU_PREFIX=xfce-
XILINX_DSP=
MAKEFLAGS= -j --jobserver-fds=3,4
MYVIVADO=
RDI_VERBOSE=0
RDI_TPS_ROOT=/opt/xilinx/Vivado/2018.2.xdf/tps/lnx64
HDI_PROCESSOR=x86_64
SWT_GTK3=0
SYNTH_COMMON=/opt/xilinx/SDx/2018.2.xdf/scripts/rt/data
LC_ALL=C
RT_TCL_PATH=/opt/xilinx/SDx/2018.2.xdf/scripts/rt/base_tcl/tcl
RDI_PREPEND_PATH=/opt/xilinx/SDK/2018.2.xdf/bin:/opt/xilinx/SDK/2018.2.xdf/bin
USER=nimbix
RDI_OPT_EXT=.o
LD_LIBRARY_PATH=/opt/xilinx/SDx/2018.2.xdf/lib/lnx64.o/Ubuntu:/opt/xilinx/SDx/2018.2.xdf/lib/lnx64.o:/opt/xilinx/SDx/2018.2.xdf/tps/lnx64/jre/lib/amd64:/opt/xilinx/SDx/2018.2.xdf/tps/lnx64/jre/lib/amd64/server:/opt/xilinx/SDx/2018.2.xdf/lib/lnx64.o/Ubuntu:/opt/xilinx/SDx/2018.2.xdf/lib/lnx64.o:/opt/xilinx/SDK/2018.2.xdf/tps/lnx64/jre/lib/amd64/server:/opt/xilinx/SDK/2018.2.xdf/tps/lnx64/jre/lib/amd64:/opt/xilinx/SDK/2018.2.xdf/tps/lnx64/jre/../lib/amd64:/opt/xilinx/SDK/2018.2.xdf/lib/lnx64.o/Ubuntu:/opt/xilinx/SDK/2018.2.xdf/lib/lnx64.o:/opt/xilinx/SDK/2018.2.xdf/tps/lnx64/jre/lib/amd64:/opt/xilinx/SDK/2018.2.xdf/tps/lnx64/jre/lib/amd64/server:/opt/xilinx/SDx/2018.2.xdf/lib/lnx64.o/Ubuntu:/opt/xilinx/SDx/2018.2.xdf/lib/lnx64.o:/opt/xilinx/xrt/lib:/opt/xilinx/SDx/2018.2.xdf/lib/lnx64.o/Ubuntu:/opt/xilinx/SDx/2018.2.xdf/lib/lnx64.o:/opt/xilinx/SDx/2018.2.xdf/runtime/lib/x86_64:/opt/xilinx/SDK/2018.2.xdf/bin/../lnx64/tools/dot/lib:/opt/xilinx/SDx/2018.2.xdf/bin/../lnx64/tools/dot/lib
GLADE_MODULE_PATH=:
RDI_PATCHROOT=
TCL_LIBRARY=/opt/xilinx/SDx/2018.2.xdf/tps/tcl/tcl8.5
SSH_AUTH_SOCK=/tmp/ssh-Lc8ejEQQsFGA/agent.257
OXYGEN_DISABLE_INNER_SHADOWS_HACK=1
XILINXD_LICENSE_FILE=2100@l12516.jarvice-lic.dal2.jarvice.io
RDI_PLATFORM=lnx64
USERNAME=nimbix
SESSION_MANAGER=local/JARVICENAE-0A0A1863:@/tmp/.ICE-unix/241,unix/JARVICENAE-0A0A1863:/tmp/.ICE-unix/241
MAKELEVEL=1
RDI_BUILD=yes
MFLAGS=-j --jobserver-fds=3,4
GDK_SCALE=1
RT_LIBPATH=/opt/xilinx/SDx/2018.2.xdf/scripts/rt/data
XDG_CONFIG_DIRS=/etc/xdg
RDI_LIBDIR=/opt/xilinx/SDx/2018.2.xdf/lib/lnx64.o/Ubuntu:/opt/xilinx/SDx/2018.2.xdf/lib/lnx64.o
NLSPATH=/usr/dt/lib/nls/msg/%L/%N.cat
DESKTOP_SESSION=xfce
PATH=/opt/xilinx/SDx/2018.2.xdf/bin/../gnu/binutils/bin:/opt/xilinx/SDK/2018.2.xdf/gnu/aarch64/lin/aarch64-linux/bin:/opt/xilinx/SDx/2018.2.xdf/bin/../gnu/ppc64le/4.9.3/lnx64/bin:/opt/xilinx/SDK/2018.2.xdf/gnu/aarch32/lin/gcc-arm-linux-gnueabi/bin:/opt/xilinx/Vivado/2018.2.xdf/lnx64/tools/gcc/bin:/opt/xilinx/SDx/2018.2.xdf/bin:/opt/xilinx/SDx/2018.2.xdf/tps/lnx64/jre/bin:/opt/xilinx/SDK/2018.2.xdf/bin:/opt/xilinx/Vivado/2018.2.xdf/bin:/opt/xilinx/SDK/2018.2.xdf/gnu/microblaze/lin/bin:/opt/xilinx/SDK/2018.2.xdf/gnu/microblaze/linux_toolchain/lin64_le/bin:/opt/xilinx/SDK/2018.2.xdf/gnu/microblaze/linux_toolchain/lin64_be/bin:/opt/xilinx/SDK/2018.2.xdf/gnu/arm/lin/bin:/opt/xilinx/SDK/2018.2.xdf/gnu/aarch64/lin/aarch64-none/bin:/opt/xilinx/SDK/2018.2.xdf/gnu/aarch64/lin/aarch64-linux/bin:/opt/xilinx/SDK/2018.2.xdf/gnu/armr5/lin/gcc-arm-none-eabi/bin:/opt/xilinx/SDK/2018.2.xdf/gnu/aarch32/lin/gcc-arm-none-eabi/bin:/opt/xilinx/SDK/2018.2.xdf/gnu/aarch32/lin/gcc-arm-linux-gnueabi/bin:/opt/xilinx/SDK/2018.2.xdf/tps/lnx64/cmake-3.3.2/bin::/opt/xilinx/SDK/2018.2.xdf/tps/lnx64/jre/bin:/opt/xilinx/xrt/bin:/opt/xilinx/DocNav:/opt/xilinx/Vivado/2018.2.xdf/lnx64/tools/bin:/usr/local/sbin:/usr/local/bin:/usr/sbin:/usr/bin:/sbin:/bin
XILINX_XRT=/opt/xilinx/xrt
PWD=/data/workspace_picalc/Emulation-SW
XIL_CHECK_TCL_DEBUG=False
LANG=en_US.UTF-8
XILINX_VIVADO_HLS=/opt/xilinx/Vivado/2018.2.xdf
HDI_APPROOT=/opt/xilinx/SDx/2018.2.xdf
XFILESEARCHPATH=/usr/dt/app-defaults/%L/Dt
PYTHONHOME=/opt/xilinx/SDx/2018.2.xdf/tps/lnx64/python-2.7.5/
XILINX_VIVADO=/opt/xilinx/Vivado/2018.2.xdf
XILINX_SDK=/opt/xilinx/SDK/2018.2.xdf
XILINX_OPENCL=/opt/xilinx/SDx/2018.2.xdf
SHLVL=7
HOME=/home/nimbix
RDI_BASEROOT=/opt/xilinx/SDx
ISL_IOSTREAMS_RSA=/opt/xilinx/SDx/2018.2.xdf/tps/isl
CWD=/data/workspace_picalc/Emulation-SW
RDI_APPROOT=/opt/xilinx/SDx/2018.2.xdf
LOGNAME=nimbix
PYTHONPATH=/opt/xilinx/SDx/2018.2.xdf/tps/lnx64/python-2.7.5/lib/python2.7/lib-dynload/:/opt/xilinx/SDx/2018.2.xdf/tps/lnx64/python-2.7.5/lib/python2.7/
RDI_JAVA_PLATFORM=amd64
DBUS_SESSION_BUS_ADDRESS=unix:abstract=/tmp/dbus-l4EO7FE5tv,guid=0b1c2d6f214d44c0eaa6b8715dddd5de
RDI_BINROOT=/opt/xilinx/SDx/2018.2.xdf/bin
XDG_DATA_DIRS=/usr/local/share:/usr/share
XILINX_SDX=/opt/xilinx/SDx/2018.2.xdf
XIL_SUPPRESS_OVERRIDE_WARNINGS=1
DISPLAY=localhost:1.0
XIL_NO_OVERRIDE=0
RDI_PROG=/opt/xilinx/SDx/2018.2.xdf/bin/unwrapped/lnx64.o/xocc
XILINX_PLANAHEAD=/opt/xilinx/SDx/2018.2.xdf
GLADE_CATALOG_PATH=:
XDG_CURRENT_DESKTOP=XFCE
HDIPRELDPATH=/opt/xilinx/SDx/2018.2.xdf/lib/lnx64.o/Ubuntu:/opt/xilinx/SDx/2018.2.xdf/lib/lnx64.o:/opt/xilinx/SDK/2018.2.xdf/tps/lnx64/jre/lib/amd64/server:/opt/xilinx/SDK/2018.2.xdf/tps/lnx64/jre/lib/amd64:/opt/xilinx/SDK/2018.2.xdf/tps/lnx64/jre/../lib/amd64:/opt/xilinx/SDK/2018.2.xdf/lib/lnx64.o/Ubuntu:/opt/xilinx/SDK/2018.2.xdf/lib/lnx64.o:/opt/xilinx/SDK/2018.2.xdf/tps/lnx64/jre/lib/amd64:/opt/xilinx/SDK/2018.2.xdf/tps/lnx64/jre/lib/amd64/server:/opt/xilinx/SDx/2018.2.xdf/lib/lnx64.o/Ubuntu:/opt/xilinx/SDx/2018.2.xdf/lib/lnx64.o:/opt/xilinx/xrt/lib:/opt/xilinx/SDx/2018.2.xdf/lib/lnx64.o/Ubuntu:/opt/xilinx/SDx/2018.2.xdf/lib/lnx64.o:/opt/xilinx/SDx/2018.2.xdf/runtime/lib/x86_64:/opt/xilinx/SDK/2018.2.xdf/bin/../lnx64/tools/dot/lib:/opt/xilinx/SDx/2018.2.xdf/bin/../lnx64/tools/dot/lib
RDI_INSTALLVER=2018.2.xdf
RDI_DATADIR=/opt/xilinx/SDx/2018.2.xdf/data
RDI_INSTALLROOT=/opt/xilinx
_=/opt/xilinx/SDx/2018.2.xdf/bin/unwrapped/lnx64.o/xocc
XILINX_RS_PORT=40175
XILINX_RS_SESSION=d26c9818-2826-48df-abab-8b23f3c04ff4


XOCC command line :
------------------------------------------
/opt/xilinx/SDx/2018.2.xdf/bin/unwrapped/lnx64.o/xocc -t sw_emu --platform xilinx_u200_xdma_201820_1 --save-temps -l --nk add_point:1 -g --messageDb binary_container_1.mdb --xp misc:solution_name=link --temp_dir binary_container_1 --report_dir binary_container_1/reports --log_dir binary_container_1/logs --remote_ip_cache /data/workspace_pi/ip_cache -obinary_container_1.xclbin binary_container_1/add_point.xo 
  Options from -O      :  --xp "misc:report=type report_timing_summary name impl_report_timing_summary_route_design_summary steps {route_design} runs {impl_1} options {-max_paths 10}" --xp param:compiler.enableRunInBitstreamGeneration=1 --xp "vivado_prop:run.__KERNEL__.{STEPS.SYNTH_DESIGN.ARGS.MORE OPTIONS}={-directive sdx_optimization_effort_high}"
  Options from xocc.ini: 
  Options from DSA     : 

Target platform : /opt/xilinx/platforms/xilinx_u200_xdma_201820_1/xilinx_u200_xdma_201820_1.xpfm


------------------------------------------
internal step: generating xclbin xml file
timestamp: 27 Nov 2019 03:07:43
output: /data/workspace_picalc/Emulation-SW/binary_container_1/link/int/binary_container_1.xml
------------------------------------------
internal step: running regiongen
timestamp: 27 Nov 2019 03:07:43
launch dir: /data/workspace_picalc/Emulation-SW/binary_container_1/link/int
cmd: /opt/xilinx/SDx/2018.2.xdf/bin/../runtime/bin/regiongen_new -v -m /data/workspace_picalc/Emulation-SW/binary_container_1/link/int/binary_container_1.xml -t alg -o xcl_top
status: success
------------------------------------------
internal step: running clang to generate .clc.00.bc
timestamp: 27 Nov 2019 03:07:44
launch dir: /data/workspace_picalc/Emulation-SW/binary_container_1/link/int/add_point
cmd: /opt/xilinx/Vivado/2018.2.xdf/lnx64/tools/clang-3.9-csynth/bin/clang -gcc-toolchain /opt/xilinx/Vivado/2018.2.xdf/lnx64/tools/gcc/bin/gcc -fhls -mllvm -hls-bitcode-version=3.1 -mllvm -hls-top-function-name=add_point -mllvm -xcl-target=cpu -fno-exceptions -D__llvm__ -w /data/workspace_picalc/Emulation-SW/binary_container_1/link/int/xo/add_point/add_point/cpu_sources/pi.cl -Xclang -mlink-opencl-bitcode -Xclang /opt/xilinx/Vivado/2018.2.xdf/lnx64/lib/libspir64-39-cpu.bc -cl-kernel-arg-info -fno-math-errno -c -emit-llvm -mllvm -disable-llvm-optzns -include /opt/xilinx/Vivado/2018.2.xdf/bin/../include/clc.h -std=CL1.2 -D__openclc -fgnu89-inline -target spir64-unknown-unknown -g -o /data/workspace_picalc/Emulation-SW/binary_container_1/link/int/add_point/pi.clc.00.bc  -g -I /data/workspace_picalc/src -g 
status: success
------------------------------------------
internal step: running llvm-link to generate .clc.01.bc
timestamp: 27 Nov 2019 03:07:44
launch dir: /data/workspace_picalc/Emulation-SW/binary_container_1/link/int/add_point
cmd: /opt/xilinx/Vivado/2018.2.xdf/bin/loader -exec ../../../lnx64/tools/clang/bin/llvm-link -v -o /data/workspace_picalc/Emulation-SW/binary_container_1/link/int/add_point/add_point.clc.01.bc /data/workspace_picalc/Emulation-SW/binary_container_1/link/int/add_point/pi.clc.00.bc
status: success
------------------------------------------
internal step: running opt to generate .clc.csim_cu-opt.bc
timestamp: 27 Nov 2019 03:07:45
launch dir: /data/workspace_picalc/Emulation-SW/binary_container_1/link/int/add_point
cmd: /opt/xilinx/Vivado/2018.2.xdf/bin/loader -exec ../../../lnx64/tools/clang/bin/opt /data/workspace_picalc/Emulation-SW/binary_container_1/link/int/add_point/add_point.clc.01.bc -O2 -o /data/workspace_picalc/Emulation-SW/binary_container_1/link/int/add_point/add_point.clc.csim_cu-opt.bc
status: success
------------------------------------------
internal step: running llc to generate .clc.csim_cu-opt.s
timestamp: 27 Nov 2019 03:07:46
launch dir: /data/workspace_picalc/Emulation-SW/binary_container_1/link/int/add_point
cmd: /opt/xilinx/Vivado/2018.2.xdf/bin/loader -exec ../../../lnx64/tools/clang/bin/llc -relocation-model=pic -mtriple x86_64-unknown-linux-gnu /data/workspace_picalc/Emulation-SW/binary_container_1/link/int/add_point/add_point.clc.csim_cu-opt.bc
status: success
------------------------------------------
internal step: running g++ to generate .clc.csim_cu.o
timestamp: 27 Nov 2019 03:07:47
launch dir: /data/workspace_picalc/Emulation-SW/binary_container_1/link/int/add_point
cmd: /usr/bin/env PATH=/usr/bin:/bin /usr/bin/g++ -Wall -g -c -o /data/workspace_picalc/Emulation-SW/binary_container_1/link/int/add_point/add_point.clc.csim_cu.o /data/workspace_picalc/Emulation-SW/binary_container_1/link/int/add_point/add_point.clc.csim_cu-opt.s
status: success
------------------------------------------
internal step: running objcopy to generate .csim_cu.o
timestamp: 27 Nov 2019 03:07:47
launch dir: /data/workspace_picalc/Emulation-SW/binary_container_1/link/int/add_point
cmd: /opt/xilinx/Vivado/2018.2.xdf/tps/lnx64/binutils-2.26/bin/objcopy --localize-symbol=__spir_rt_info --localize-symbol=_Z6printfPKU3AS0cz /data/workspace_picalc/Emulation-SW/binary_container_1/link/int/add_point/add_point.clc.csim_cu.o /data/workspace_picalc/Emulation-SW/binary_container_1/link/int/add_point/add_point.csim_cu.o
status: success
------------------------------------------
internal step: running ar to generate .clc.csim_cu.a
timestamp: 27 Nov 2019 03:07:47
launch dir: /data/workspace_picalc/Emulation-SW/binary_container_1/link/int/add_point
cmd: /opt/xilinx/Vivado/2018.2.xdf/tps/lnx64/binutils-2.26/bin/ar -cr /data/workspace_picalc/Emulation-SW/binary_container_1/link/int/add_point/add_point.csim_cu.a /data/workspace_picalc/Emulation-SW/binary_container_1/link/int/add_point/add_point.csim_cu.o
status: success
------------------------------------------
internal step: compiling xcl_top.cpp to obj/xcl_top.o
timestamp: 27 Nov 2019 03:07:47
launch dir: /data/workspace_picalc/Emulation-SW/binary_container_1/link/int
cmd: /usr/bin/env PATH=/usr/bin:/bin /usr/bin/g++ -I . -I /opt/xilinx/Vivado/2018.2.xdf/bin/../include -I /opt/xilinx/SDx/2018.2.xdf/bin/../common/technology/autopilot/opencl -I /opt/xilinx/Vivado/2018.2.xdf/bin/../lnx64/tools/auto_cc/include -fPIC -g -fpermissive -c -MD -MT obj/xcl_top.o -MP -MF obj/xcl_top.CXXd xcl_top.cpp -o obj/xcl_top.o
status: success
------------------------------------------
internal step: running g++ to generate .so
timestamp: 27 Nov 2019 03:07:47
launch dir: /data/workspace_picalc/Emulation-SW/binary_container_1/link/int
cmd: /usr/bin/env PATH=/usr/bin:/bin /usr/bin/g++ -fPIC -Wall -shared -Wl,--whole-archive,-soname,binary_container_1.so -o binary_container_1.so add_point/add_point.csim_cu.a obj/xcl_top.o -Wl,--no-whole-archive -Wl,--as-needed -L /opt/xilinx/Vivado/2018.2.xdf/bin/../lib/lnx64.o -lhlsmathsim -L /opt/xilinx/Vivado/2018.2.xdf/bin/../lnx64/tools/fpo_v7_0 -lgmp -lmpfr -lIp_floating_point_v7_0_bitacc_cmodel -Wl,-rpath,/opt/xilinx/Vivado/2018.2.xdf/bin/../lnx64/tools/fpo_v7_0 -L /opt/xilinx/Vivado/2018.2.xdf/bin/../lnx64/tools/fft_v9_1 -lIp_xfft_v9_1_bitacc_cmodel -L /opt/xilinx/Vivado/2018.2.xdf/bin/../lnx64/tools/fir_v7_0 -lgmp -lIp_fir_compiler_v7_2_bitacc_cmodel -L /opt/xilinx/Vivado/2018.2.xdf/bin/../lnx64/lib/csim -lhlsmc++-GCC46
status: success
------------------------------------------
internal step: running xclbincat to generate xclbin
timestamp: 27 Nov 2019 03:07:47
launch dir: /data/workspace_picalc/Emulation-SW/binary_container_1/link/int
cmd: /opt/xilinx/xrt/bin/xclbincat -nobitstream /data/workspace_picalc/Emulation-SW/binary_container_1/link/int/binary_container_1.so -k mode:sw_emu -k featureRomTimestamp:1535712995 -k platformVBNV:xilinx:u200:xdma:201820.1 -k dsaUUID:855d28fc-c27c-4f26-b65e-6237a80587db --runtime_data /data/workspace_picalc/Emulation-SW/binary_container_1/link/int/binary_container_1_xml.rtd /data/workspace_picalc/Emulation-SW/binary_container_1/link/int/binary_container_1.xml /data/workspace_picalc/Emulation-SW/binary_container_1/link/int/binary_container_1.xclbin --debugdata /dev/null
status: success
------------------------------------------
sw emulation completed
timestamp: 27 Nov 2019 03:07:47
------------------------------------------
internal step: generating system estimate report file
timestamp: 27 Nov 2019 03:07:47
output: /data/workspace_picalc/Emulation-SW/binary_container_1/reports/link/system_estimate_binary_container_1.xtxt
