# 
# Steps log generated by SDx
# This log file contains a collection of steps that describe the kernel compilation flow
# Note: Some steps are tagged as internal, these steps are for debugging purposes and 
#       are not expected to be able to run independently.
# 

# The following environment variables are set when running xocc
Environment variables :
------------------------------------------
LIBOVERLAY_SCROLLBAR=0
_RDI_DONT_SET_XILINX_AS_PATH=True
SSH_AGENT_PID=258
VGL_READBACK=sync
GLADE_PIXMAP_PATH=:
TERM=xterm
XDG_MENU_PREFIX=xfce-
XILINX_DSP=
MAKEFLAGS= -j --jobserver-fds=3,4
MYVIVADO=
RDI_VERBOSE=0
RDI_TPS_ROOT=/opt/xilinx/Vivado/2018.2.xdf/tps/lnx64
HDI_PROCESSOR=x86_64
SWT_GTK3=0
SYNTH_COMMON=/opt/xilinx/SDx/2018.2.xdf/scripts/rt/data
LC_ALL=C
RT_TCL_PATH=/opt/xilinx/SDx/2018.2.xdf/scripts/rt/base_tcl/tcl
RDI_PREPEND_PATH=/opt/xilinx/SDK/2018.2.xdf/bin:/opt/xilinx/SDK/2018.2.xdf/bin
USER=nimbix
RDI_OPT_EXT=.o
LD_LIBRARY_PATH=/opt/xilinx/SDx/2018.2.xdf/lib/lnx64.o/Ubuntu:/opt/xilinx/SDx/2018.2.xdf/lib/lnx64.o:/opt/xilinx/SDx/2018.2.xdf/tps/lnx64/jre/lib/amd64:/opt/xilinx/SDx/2018.2.xdf/tps/lnx64/jre/lib/amd64/server:/opt/xilinx/SDx/2018.2.xdf/lib/lnx64.o/Ubuntu:/opt/xilinx/SDx/2018.2.xdf/lib/lnx64.o:/opt/xilinx/SDK/2018.2.xdf/tps/lnx64/jre/lib/amd64/server:/opt/xilinx/SDK/2018.2.xdf/tps/lnx64/jre/lib/amd64:/opt/xilinx/SDK/2018.2.xdf/tps/lnx64/jre/../lib/amd64:/opt/xilinx/SDK/2018.2.xdf/lib/lnx64.o/Ubuntu:/opt/xilinx/SDK/2018.2.xdf/lib/lnx64.o:/opt/xilinx/SDK/2018.2.xdf/tps/lnx64/jre/lib/amd64:/opt/xilinx/SDK/2018.2.xdf/tps/lnx64/jre/lib/amd64/server:/opt/xilinx/SDx/2018.2.xdf/lib/lnx64.o/Ubuntu:/opt/xilinx/SDx/2018.2.xdf/lib/lnx64.o:/opt/xilinx/xrt/lib:/opt/xilinx/SDx/2018.2.xdf/lib/lnx64.o/Ubuntu:/opt/xilinx/SDx/2018.2.xdf/lib/lnx64.o:/opt/xilinx/SDx/2018.2.xdf/runtime/lib/x86_64:/opt/xilinx/SDK/2018.2.xdf/bin/../lnx64/tools/dot/lib:/opt/xilinx/SDx/2018.2.xdf/bin/../lnx64/tools/dot/lib
GLADE_MODULE_PATH=:
RDI_PATCHROOT=
TCL_LIBRARY=/opt/xilinx/SDx/2018.2.xdf/tps/tcl/tcl8.5
SSH_AUTH_SOCK=/tmp/ssh-Lc8ejEQQsFGA/agent.257
OXYGEN_DISABLE_INNER_SHADOWS_HACK=1
XILINXD_LICENSE_FILE=2100@l12516.jarvice-lic.dal2.jarvice.io
RDI_PLATFORM=lnx64
USERNAME=nimbix
SESSION_MANAGER=local/JARVICENAE-0A0A1863:@/tmp/.ICE-unix/241,unix/JARVICENAE-0A0A1863:/tmp/.ICE-unix/241
MAKELEVEL=1
RDI_BUILD=yes
MFLAGS=-j --jobserver-fds=3,4
GDK_SCALE=1
RT_LIBPATH=/opt/xilinx/SDx/2018.2.xdf/scripts/rt/data
XDG_CONFIG_DIRS=/etc/xdg
RDI_LIBDIR=/opt/xilinx/SDx/2018.2.xdf/lib/lnx64.o/Ubuntu:/opt/xilinx/SDx/2018.2.xdf/lib/lnx64.o
NLSPATH=/usr/dt/lib/nls/msg/%L/%N.cat
DESKTOP_SESSION=xfce
PATH=/opt/xilinx/SDx/2018.2.xdf/bin/../gnu/binutils/bin:/opt/xilinx/SDK/2018.2.xdf/gnu/aarch64/lin/aarch64-linux/bin:/opt/xilinx/SDx/2018.2.xdf/bin/../gnu/ppc64le/4.9.3/lnx64/bin:/opt/xilinx/SDK/2018.2.xdf/gnu/aarch32/lin/gcc-arm-linux-gnueabi/bin:/opt/xilinx/Vivado/2018.2.xdf/lnx64/tools/gcc/bin:/opt/xilinx/SDx/2018.2.xdf/bin:/opt/xilinx/SDx/2018.2.xdf/tps/lnx64/jre/bin:/opt/xilinx/SDK/2018.2.xdf/bin:/opt/xilinx/Vivado/2018.2.xdf/bin:/opt/xilinx/SDK/2018.2.xdf/gnu/microblaze/lin/bin:/opt/xilinx/SDK/2018.2.xdf/gnu/microblaze/linux_toolchain/lin64_le/bin:/opt/xilinx/SDK/2018.2.xdf/gnu/microblaze/linux_toolchain/lin64_be/bin:/opt/xilinx/SDK/2018.2.xdf/gnu/arm/lin/bin:/opt/xilinx/SDK/2018.2.xdf/gnu/aarch64/lin/aarch64-none/bin:/opt/xilinx/SDK/2018.2.xdf/gnu/aarch64/lin/aarch64-linux/bin:/opt/xilinx/SDK/2018.2.xdf/gnu/armr5/lin/gcc-arm-none-eabi/bin:/opt/xilinx/SDK/2018.2.xdf/gnu/aarch32/lin/gcc-arm-none-eabi/bin:/opt/xilinx/SDK/2018.2.xdf/gnu/aarch32/lin/gcc-arm-linux-gnueabi/bin:/opt/xilinx/SDK/2018.2.xdf/tps/lnx64/cmake-3.3.2/bin::/opt/xilinx/SDK/2018.2.xdf/tps/lnx64/jre/bin:/opt/xilinx/xrt/bin:/opt/xilinx/DocNav:/opt/xilinx/Vivado/2018.2.xdf/lnx64/tools/bin:/usr/local/sbin:/usr/local/bin:/usr/sbin:/usr/bin:/sbin:/bin
XILINX_XRT=/opt/xilinx/xrt
PWD=/data/workspace_picalc/Emulation-SW
XIL_CHECK_TCL_DEBUG=False
LANG=en_US.UTF-8
XILINX_VIVADO_HLS=/opt/xilinx/Vivado/2018.2.xdf
HDI_APPROOT=/opt/xilinx/SDx/2018.2.xdf
XFILESEARCHPATH=/usr/dt/app-defaults/%L/Dt
PYTHONHOME=/opt/xilinx/SDx/2018.2.xdf/tps/lnx64/python-2.7.5/
XILINX_VIVADO=/opt/xilinx/Vivado/2018.2.xdf
XILINX_SDK=/opt/xilinx/SDK/2018.2.xdf
XILINX_OPENCL=/opt/xilinx/SDx/2018.2.xdf
SHLVL=7
HOME=/home/nimbix
RDI_BASEROOT=/opt/xilinx/SDx
ISL_IOSTREAMS_RSA=/opt/xilinx/SDx/2018.2.xdf/tps/isl
CWD=/data/workspace_picalc/Emulation-SW
RDI_APPROOT=/opt/xilinx/SDx/2018.2.xdf
LOGNAME=nimbix
PYTHONPATH=/opt/xilinx/SDx/2018.2.xdf/tps/lnx64/python-2.7.5/lib/python2.7/lib-dynload/:/opt/xilinx/SDx/2018.2.xdf/tps/lnx64/python-2.7.5/lib/python2.7/
RDI_JAVA_PLATFORM=amd64
DBUS_SESSION_BUS_ADDRESS=unix:abstract=/tmp/dbus-l4EO7FE5tv,guid=0b1c2d6f214d44c0eaa6b8715dddd5de
RDI_BINROOT=/opt/xilinx/SDx/2018.2.xdf/bin
XDG_DATA_DIRS=/usr/local/share:/usr/share
XILINX_SDX=/opt/xilinx/SDx/2018.2.xdf
XIL_SUPPRESS_OVERRIDE_WARNINGS=1
DISPLAY=localhost:1.0
XIL_NO_OVERRIDE=0
RDI_PROG=/opt/xilinx/SDx/2018.2.xdf/bin/unwrapped/lnx64.o/xocc
XILINX_PLANAHEAD=/opt/xilinx/SDx/2018.2.xdf
GLADE_CATALOG_PATH=:
XDG_CURRENT_DESKTOP=XFCE
HDIPRELDPATH=/opt/xilinx/SDx/2018.2.xdf/lib/lnx64.o/Ubuntu:/opt/xilinx/SDx/2018.2.xdf/lib/lnx64.o:/opt/xilinx/SDK/2018.2.xdf/tps/lnx64/jre/lib/amd64/server:/opt/xilinx/SDK/2018.2.xdf/tps/lnx64/jre/lib/amd64:/opt/xilinx/SDK/2018.2.xdf/tps/lnx64/jre/../lib/amd64:/opt/xilinx/SDK/2018.2.xdf/lib/lnx64.o/Ubuntu:/opt/xilinx/SDK/2018.2.xdf/lib/lnx64.o:/opt/xilinx/SDK/2018.2.xdf/tps/lnx64/jre/lib/amd64:/opt/xilinx/SDK/2018.2.xdf/tps/lnx64/jre/lib/amd64/server:/opt/xilinx/SDx/2018.2.xdf/lib/lnx64.o/Ubuntu:/opt/xilinx/SDx/2018.2.xdf/lib/lnx64.o:/opt/xilinx/xrt/lib:/opt/xilinx/SDx/2018.2.xdf/lib/lnx64.o/Ubuntu:/opt/xilinx/SDx/2018.2.xdf/lib/lnx64.o:/opt/xilinx/SDx/2018.2.xdf/runtime/lib/x86_64:/opt/xilinx/SDK/2018.2.xdf/bin/../lnx64/tools/dot/lib:/opt/xilinx/SDx/2018.2.xdf/bin/../lnx64/tools/dot/lib
RDI_INSTALLVER=2018.2.xdf
RDI_DATADIR=/opt/xilinx/SDx/2018.2.xdf/data
RDI_INSTALLROOT=/opt/xilinx
_=/opt/xilinx/SDx/2018.2.xdf/bin/unwrapped/lnx64.o/xocc
XILINX_RS_PORT=33639
XILINX_RS_SESSION=23641a85-b19c-4a49-a85f-6c9b9fe6e50f


XOCC command line :
------------------------------------------
/opt/xilinx/SDx/2018.2.xdf/bin/unwrapped/lnx64.o/xocc -t sw_emu --platform xilinx_u200_xdma_201820_1 --save-temps -c -k add_point -g --nk add_point:1 --messageDb binary_container_1/add_point.mdb -I../src --xp misc:solution_name=add_point --temp_dir binary_container_1 --report_dir binary_container_1/reports --log_dir binary_container_1/logs -obinary_container_1/add_point.xo ../src/pi.cl 
  Options from -O      :  --xp "misc:report=type report_timing_summary name impl_report_timing_summary_route_design_summary steps {route_design} runs {impl_1} options {-max_paths 10}" --xp param:compiler.enableRunInBitstreamGeneration=1 --xp "vivado_prop:run.__KERNEL__.{STEPS.SYNTH_DESIGN.ARGS.MORE OPTIONS}={-directive sdx_optimization_effort_high}"
  Options from xocc.ini: 
  Options from DSA     : 

Target platform : /opt/xilinx/platforms/xilinx_u200_xdma_201820_1/xilinx_u200_xdma_201820_1.xpfm


------------------------------------------
internal step: running clang to generate .clc.00.bc
timestamp: 27 Nov 2019 03:07:34
launch dir: /data/workspace_picalc/Emulation-SW/binary_container_1/add_point/add_point/add_point
cmd: /opt/xilinx/Vivado/2018.2.xdf/lnx64/tools/clang-3.9-csynth/bin/clang -fhls -mllvm -hls-bitcode-version=3.1 -mllvm -hls-top-function-name=add_point -mllvm -xcl-target=cpu -fno-exceptions -D__llvm__ -Wall /data/workspace_picalc/src/pi.cl -fno-math-errno -c -emit-llvm -mllvm -disable-llvm-optzns -mllvm -xcl-xmlinfo=/data/workspace_picalc/Emulation-SW/binary_container_1/add_point/add_point/add_point/kernel.xml -Xclang -mlink-opencl-bitcode -Xclang /opt/xilinx/Vivado/2018.2.xdf/lnx64/lib/libspir64-39-cpu.bc -include /opt/xilinx/Vivado/2018.2.xdf/bin/../include/clc.h -include /opt/xilinx/Vivado/2018.2.xdf/bin/../include/etc/autopilot_ssdm_op.h -cl-kernel-arg-info -std=CL1.2 -fgnu89-inline -D__openclc -target spir64-unknown-unknown  -g -I /data/workspace_picalc/src -g -o /data/workspace_picalc/Emulation-SW/binary_container_1/add_point/add_point/add_point/add_point.clc.00.bc
status: success
------------------------------------------
internal step: running xclkernelinfohash to update kernel.xml
timestamp: 27 Nov 2019 03:07:34
launch dir: /data/workspace_picalc/Emulation-SW/binary_container_1/add_point/add_point/add_point
cmd: /opt/xilinx/SDx/2018.2.xdf/bin/../runtime/bin/xclkernelinfohash_new /data/workspace_picalc/src/pi.cl /data/workspace_picalc/Emulation-SW/binary_container_1/add_point/add_point/add_point/kernel.xml
status: success
------------------------------------------
internal step: generating system estimate report file
timestamp: 27 Nov 2019 03:07:35
output: /data/workspace_picalc/Emulation-SW/binary_container_1/reports/add_point/system_estimate_add_point.xtxt
